<?xml version="1.0" encoding="UTF-8"?>
<!-- Generated by org.testng.reporters.JUnitReportReporter -->
<testsuite hostname="DESKTOP-ABHI" failures="0" tests="1" name="testNGPack2.Class4" time="8.468" errors="0" timestamp="2023-01-20T14:12:43 IST" skipped="0">
  <testcase classname="testNGPack2.Class4" name="automation" time="8.468"/>
  <system-out/>
</testsuite> <!-- testNGPack2.Class4 -->
