<?xml version="1.0" encoding="UTF-8"?>
<!-- Generated by org.testng.reporters.JUnitReportReporter -->
<testsuite hostname="DESKTOP-ABHI" failures="0" tests="3" name="testNGPack.Remo" time="0.005" errors="0" timestamp="2023-01-19T15:19:56 IST" skipped="0">
  <testcase classname="testNGPack.Remo" name="remo2" time="0.002"/>
  <system-out>
    <![CDATA[this is remo2 method]]>
  </system-out>
  <testcase classname="testNGPack.Remo" name="remo" time="0.002"/>
  <system-out>
    <![CDATA[this is remo method]]>
  </system-out>
  <testcase classname="testNGPack.Remo" name="remo1" time="0.001"/>
  <system-out>
    <![CDATA[this is remo1 method]]>
  </system-out>
</testsuite> <!-- testNGPack.Remo -->
