<?xml version="1.0" encoding="UTF-8"?>
<!-- Generated by org.testng.reporters.JUnitReportReporter -->
<testsuite hostname="DESKTOP-ABHI" failures="0" tests="1" name="testNGParallelExecution.TestNG1" time="0.004" errors="0" timestamp="2023-01-23T14:03:49 IST" skipped="0">
  <testcase classname="testNGParallelExecution.TestNG1" name="i" time="0.004"/>
  <system-out>
    <![CDATA[i method]]>
  </system-out>
</testsuite> <!-- testNGParallelExecution.TestNG1 -->
