<?xml version="1.0" encoding="UTF-8"?>
<!-- Generated by org.testng.reporters.JUnitReportReporter -->
<testsuite hostname="DESKTOP-ABHI" failures="0" tests="1" name="testNGPack2.Class1" time="10.723" errors="0" timestamp="2023-01-20T14:24:06 IST" skipped="0">
  <testcase classname="testNGPack2.Class1" name="sql" time="10.723"/>
  <system-out/>
</testsuite> <!-- testNGPack2.Class1 -->
