<?xml version="1.0" encoding="UTF-8"?>
<!-- Generated by org.testng.reporters.JUnitReportReporter -->
<testsuite hostname="DESKTOP-ABHI" failures="0" tests="4" name="testNGPack2.PriorityClass" time="0.022" errors="0" timestamp="2023-01-21T14:20:34 IST" skipped="0">
  <testcase classname="testNGPack2.PriorityClass" name="d1" time="0.013"/>
  <system-out>
    <![CDATA[d1]]>
  </system-out>
  <testcase classname="testNGPack2.PriorityClass" name="m1" time="0.002"/>
  <system-out>
    <![CDATA[m1]]>
  </system-out>
  <testcase classname="testNGPack2.PriorityClass" name="z" time="0.004"/>
  <system-out>
    <![CDATA[z]]>
  </system-out>
  <testcase classname="testNGPack2.PriorityClass" name="j1" time="0.003"/>
  <system-out>
    <![CDATA[j1]]>
  </system-out>
</testsuite> <!-- testNGPack2.PriorityClass -->
