<?xml version="1.0" encoding="UTF-8"?>
<!-- Generated by org.testng.reporters.JUnitReportReporter -->
<testsuite hostname="DESKTOP-ABHI" failures="0" tests="1" name="testNGPack2.Class3" time="8.845" errors="0" timestamp="2023-01-20T14:12:43 IST" skipped="0">
  <testcase classname="testNGPack2.Class3" name="manule" time="8.845"/>
  <system-out/>
</testsuite> <!-- testNGPack2.Class3 -->
