<?xml version="1.0" encoding="UTF-8"?>
<!-- Generated by org.testng.reporters.JUnitReportReporter -->
<testsuite hostname="DESKTOP-ABHI" failures="0" tests="1" name="testNGPack.Demo" time="0.014" errors="0" timestamp="2023-01-19T15:22:57 IST" skipped="0">
  <testcase classname="testNGPack.Demo" name="demo2" time="0.014"/>
  <system-out>
    <![CDATA[this is demo2 method]]>
  </system-out>
</testsuite> <!-- testNGPack.Demo -->
