<?xml version="1.0" encoding="UTF-8"?>
<!-- Generated by org.testng.reporters.JUnitReportReporter -->
<testsuite hostname="DESKTOP-ABHI" failures="0" tests="1" name="testNGParallelExecution.TestNG2" time="0.015" errors="0" timestamp="2023-01-23T14:03:49 IST" skipped="0">
  <testcase classname="testNGParallelExecution.TestNG2" name="f" time="0.015"/>
  <system-out>
    <![CDATA[f method]]>
  </system-out>
</testsuite> <!-- testNGParallelExecution.TestNG2 -->
