<?xml version="1.0" encoding="UTF-8"?>
<!-- Generated by org.testng.reporters.JUnitReportReporter -->
<testsuite hostname="DESKTOP-ABHI" failures="0" tests="15" name="testNGPack2.Flag6" time="0.106" errors="0" timestamp="2023-01-21T14:49:20 IST" skipped="0">
  <testcase classname="testNGPack2.Flag6" name="ft4" time="0.007"/>
  <system-out>
    <![CDATA[ft4]]>
  </system-out>
  <testcase classname="testNGPack2.Flag6" name="it6" time="0.004"/>
  <system-out>
    <![CDATA[it6]]>
  </system-out>
  <testcase classname="testNGPack2.Flag6" name="st3" time="0.003"/>
  <system-out>
    <![CDATA[st3]]>
  </system-out>
  <testcase classname="testNGPack2.Flag6" name="it4" time="0.003"/>
  <system-out>
    <![CDATA[it4]]>
  </system-out>
  <testcase classname="testNGPack2.Flag6" name="st2" time="0.001"/>
  <system-out>
    <![CDATA[st2]]>
  </system-out>
  <testcase classname="testNGPack2.Flag6" name="st6" time="0.005"/>
  <system-out>
    <![CDATA[st6]]>
  </system-out>
  <testcase classname="testNGPack2.Flag6" name="ft3" time="0.016"/>
  <system-out>
    <![CDATA[ft3]]>
  </system-out>
  <testcase classname="testNGPack2.Flag6" name="ft6" time="0.006"/>
  <system-out>
    <![CDATA[ft6]]>
  </system-out>
  <testcase classname="testNGPack2.Flag6" name="st5" time="0.010"/>
  <system-out>
    <![CDATA[st5]]>
  </system-out>
  <testcase classname="testNGPack2.Flag6" name="it5" time="0.003"/>
  <system-out>
    <![CDATA[it5]]>
  </system-out>
  <testcase classname="testNGPack2.Flag6" name="it3" time="0.002"/>
  <system-out>
    <![CDATA[it3]]>
  </system-out>
  <testcase classname="testNGPack2.Flag6" name="ft2" time="0.018"/>
  <system-out>
    <![CDATA[ft2]]>
  </system-out>
  <testcase classname="testNGPack2.Flag6" name="it2" time="0.008"/>
  <system-out>
    <![CDATA[it2]]>
  </system-out>
  <testcase classname="testNGPack2.Flag6" name="st4" time="0.013"/>
  <system-out>
    <![CDATA[st4]]>
  </system-out>
  <testcase classname="testNGPack2.Flag6" name="ft5" time="0.007"/>
  <system-out>
    <![CDATA[ft5]]>
  </system-out>
</testsuite> <!-- testNGPack2.Flag6 -->
