<?xml version="1.0" encoding="UTF-8"?>
<!-- Generated by org.testng.reporters.JUnitReportReporter -->
<testsuite hostname="DESKTOP-ABHI" failures="0" tests="2" name="testNGParallelExecution.TestNG3" time="0.020" errors="0" timestamp="2023-01-23T14:41:23 IST" skipped="0">
  <testcase classname="testNGParallelExecution.TestNG3" name="today" time="0.017"/>
  <system-out>
    <![CDATA[today method17is the thread]]>
  </system-out>
  <testcase classname="testNGParallelExecution.TestNG3" name="tomarrow" time="0.003"/>
  <system-out>
    <![CDATA[tomarrow method17is the thread]]>
  </system-out>
</testsuite> <!-- testNGParallelExecution.TestNG3 -->
